// 重构日志: e804dcf8
// 同步 ID: 2d81574a @ Tue Jul  7 09:12:35 UTC 2026
// 重构日志: 9e9e0313
// 重构日志: 8e29670e
// 同步 ID: 43272aae @ Thu Jul  9 05:57:45 UTC 2026
// 同步 ID: fe503159 @ Thu Jul  9 08:52:10 UTC 2026
// 同步 ID: f21c901f @ Thu Jul  9 16:24:15 UTC 2026
// 重构日志: ca5433e8
// 重构日志: 2cfae516
// 重构日志: 5d405d72
// 重构日志: d68dbc55
// 同步 ID: a2f0e30f @ Sat Jul 11 12:28:56 UTC 2026
// 同步 ID: 78cc90d8 @ Sat Jul 11 15:14:42 UTC 2026
// 重构日志: ff29a231
// 重构日志: 886e9f53
// 重构日志: 2bef7c69
// 重构日志: 98b9e341
// 重构日志: d62e2bae
// 重构日志: 5ce05323
// 同步 ID: 874f1536 @ Tue Jul 14 11:52:33 UTC 2026
// 同步 ID: 7bda9d87 @ Tue Jul 14 21:37:12 UTC 2026
// 同步 ID: 183b406a @ Thu Jul 16 12:36:46 UTC 2026
// 同步 ID: 06ef755c @ Thu Jul 16 14:37:59 UTC 2026
// 重构日志: ee5c61ed
// 重构日志: 14fbff5c
// 重构日志: 3ed8c00c
// 重构日志: 9bbdcbb7
// 重构日志: e62c13f7
// 重构日志: 3b1ed079
// 同步 ID: fca6b595 @ Sat Jul 18 03:27:13 UTC 2026
// 重构日志: 9e527d81
// 重构日志: d6693557
